<?xml version="1.0" encoding="UTF-8"?>
<!-- Generated by org.testng.reporters.JUnitXMLReporter -->
<testsuite hostname="DESKTOP-RA3EMDM" ignored="0" name="Test" tests="2" failures="1" timestamp="17 Jun 2018 05:13:02 GMT" time="62.81" errors="0">
  <testcase name="editLead" time="24.349" classname="testcases.TC004_EditLead"/>
  <testcase name="editLead" time="22.903" classname="testcases.TC004_EditLead">
    <failure type="java.lang.RuntimeException">
      <![CDATA[java.lang.RuntimeException
at utils.Reporter.reportStep(Reporter.java:60)
at wdMethods.SeMethods.clickWithNoSnap(SeMethods.java:150)
at pages.FindLeadsPage.clickFirstRecordID(FindLeadsPage.java:51)
at testcases.TC004_EditLead.editLead(TC004_EditLead.java:34)
... Removed 25 stack frames]]>
    </failure>
  </testcase> <!-- editLead -->
</testsuite> <!-- Test -->
