<?xml version="1.0" encoding="UTF-8"?>
<testng-results skipped="0" failed="1" ignored="0" total="2" passed="1">
  <reporter-output>
  </reporter-output>
  <suite name="Suite" duration-ms="62810" started-at="2018-06-17T05:11:59Z" finished-at="2018-06-17T05:13:01Z">
    <groups>
    </groups>
    <test name="Test" duration-ms="62810" started-at="2018-06-17T05:11:59Z" finished-at="2018-06-17T05:13:01Z">
      <class name="testcases.TC004_EditLead">
        <test-method status="PASS" signature="beforeSuite()[pri:0, instance:testcases.TC004_EditLead@136e911]" name="beforeSuite" is-config="true" duration-ms="813" started-at="2018-06-17T05:11:58Z" finished-at="2018-06-17T05:11:59Z">
          <reporter-output>
          </reporter-output>
        </test-method> <!-- beforeSuite -->
        <test-method status="PASS" signature="setData()[pri:0, instance:testcases.TC004_EditLead@136e911]" name="setData" is-config="true" duration-ms="0" started-at="2018-06-17T05:11:59Z" finished-at="2018-06-17T05:11:59Z">
          <reporter-output>
          </reporter-output>
        </test-method> <!-- setData -->
        <test-method status="PASS" signature="beforeClass()[pri:0, instance:testcases.TC004_EditLead@136e911]" name="beforeClass" is-config="true" duration-ms="0" started-at="2018-06-17T05:11:59Z" finished-at="2018-06-17T05:11:59Z">
          <reporter-output>
          </reporter-output>
        </test-method> <!-- beforeClass -->
        <test-method status="PASS" signature="beforeMethod()[pri:0, instance:testcases.TC004_EditLead@136e911]" name="beforeMethod" is-config="true" duration-ms="6383" started-at="2018-06-17T05:12:00Z" finished-at="2018-06-17T05:12:06Z">
          <reporter-output>
          </reporter-output>
        </test-method> <!-- beforeMethod -->
        <test-method status="PASS" signature="editLead(java.lang.String, java.lang.String, java.lang.String, java.lang.String)[pri:0, instance:testcases.TC004_EditLead@136e911]" name="editLead" duration-ms="24349" started-at="2018-06-17T05:12:06Z" data-provider="fetchData" finished-at="2018-06-17T05:12:30Z">
          <params>
            <param index="0">
              <value>
                <![CDATA[DemoSalesManager]]>
              </value>
            </param>
            <param index="1">
              <value>
                <![CDATA[crmsfa]]>
              </value>
            </param>
            <param index="2">
              <value>
                <![CDATA[Janagarajan]]>
              </value>
            </param>
            <param index="3">
              <value>
                <![CDATA[CISCO]]>
              </value>
            </param>
          </params>
          <reporter-output>
          </reporter-output>
        </test-method> <!-- editLead -->
        <test-method status="PASS" signature="afterMethod()[pri:0, instance:testcases.TC004_EditLead@136e911]" name="afterMethod" is-config="true" duration-ms="844" started-at="2018-06-17T05:12:30Z" finished-at="2018-06-17T05:12:31Z">
          <reporter-output>
          </reporter-output>
        </test-method> <!-- afterMethod -->
        <test-method status="PASS" signature="beforeMethod()[pri:0, instance:testcases.TC004_EditLead@136e911]" name="beforeMethod" is-config="true" duration-ms="6449" started-at="2018-06-17T05:12:31Z" finished-at="2018-06-17T05:12:38Z">
          <reporter-output>
          </reporter-output>
        </test-method> <!-- beforeMethod -->
        <test-method status="FAIL" signature="editLead(java.lang.String, java.lang.String, java.lang.String, java.lang.String)[pri:0, instance:testcases.TC004_EditLead@136e911]" name="editLead" duration-ms="22903" started-at="2018-06-17T05:12:38Z" data-provider="fetchData" finished-at="2018-06-17T05:13:01Z">
          <params>
            <param index="0">
              <value>
                <![CDATA[DemoCSR]]>
              </value>
            </param>
            <param index="1">
              <value>
                <![CDATA[crmsfa]]>
              </value>
            </param>
            <param index="2">
              <value>
                <![CDATA[Taanvi]]>
              </value>
            </param>
            <param index="3">
              <value>
                <![CDATA[GE]]>
              </value>
            </param>
          </params>
          <exception class="java.lang.RuntimeException">
            <full-stacktrace>
              <![CDATA[java.lang.RuntimeException
at utils.Reporter.reportStep(Reporter.java:60)
at wdMethods.SeMethods.clickWithNoSnap(SeMethods.java:150)
at pages.FindLeadsPage.clickFirstRecordID(FindLeadsPage.java:51)
at testcases.TC004_EditLead.editLead(TC004_EditLead.java:34)
at sun.reflect.NativeMethodAccessorImpl.invoke0(Native Method)
at sun.reflect.NativeMethodAccessorImpl.invoke(NativeMethodAccessorImpl.java:62)
at sun.reflect.DelegatingMethodAccessorImpl.invoke(DelegatingMethodAccessorImpl.java:43)
at java.lang.reflect.Method.invoke(Method.java:483)
at org.testng.internal.MethodInvocationHelper.invokeMethod(MethodInvocationHelper.java:124)
at org.testng.internal.Invoker.invokeMethod(Invoker.java:583)
at org.testng.internal.Invoker.invokeTestMethod(Invoker.java:719)
at org.testng.internal.Invoker.invokeTestMethods(Invoker.java:989)
at org.testng.internal.TestMethodWorker.invokeTestMethods(TestMethodWorker.java:125)
at org.testng.internal.TestMethodWorker.run(TestMethodWorker.java:109)
at org.testng.TestRunner.privateRun(TestRunner.java:648)
at org.testng.TestRunner.run(TestRunner.java:505)
at org.testng.SuiteRunner.runTest(SuiteRunner.java:455)
at org.testng.SuiteRunner.runSequentially(SuiteRunner.java:450)
at org.testng.SuiteRunner.privateRun(SuiteRunner.java:415)
at org.testng.SuiteRunner.run(SuiteRunner.java:364)
at org.testng.SuiteRunnerWorker.runSuite(SuiteRunnerWorker.java:52)
at org.testng.SuiteRunnerWorker.run(SuiteRunnerWorker.java:84)
at org.testng.TestNG.runSuitesSequentially(TestNG.java:1208)
at org.testng.TestNG.runSuitesLocally(TestNG.java:1137)
at org.testng.TestNG.runSuites(TestNG.java:1049)
at org.testng.TestNG.run(TestNG.java:1017)
at org.testng.remote.AbstractRemoteTestNG.run(AbstractRemoteTestNG.java:114)
at org.testng.remote.RemoteTestNG.initAndRun(RemoteTestNG.java:251)
at org.testng.remote.RemoteTestNG.main(RemoteTestNG.java:77)
]]>
            </full-stacktrace>
          </exception> <!-- java.lang.RuntimeException -->
          <reporter-output>
          </reporter-output>
        </test-method> <!-- editLead -->
        <test-method status="PASS" signature="afterMethod()[pri:0, instance:testcases.TC004_EditLead@136e911]" name="afterMethod" is-config="true" duration-ms="806" started-at="2018-06-17T05:13:01Z" finished-at="2018-06-17T05:13:01Z">
          <reporter-output>
          </reporter-output>
        </test-method> <!-- afterMethod -->
        <test-method status="PASS" signature="afterTest()[pri:0, instance:testcases.TC004_EditLead@136e911]" name="afterTest" is-config="true" duration-ms="0" started-at="2018-06-17T05:13:01Z" finished-at="2018-06-17T05:13:01Z">
          <reporter-output>
          </reporter-output>
        </test-method> <!-- afterTest -->
        <test-method status="PASS" signature="afterSuite()[pri:0, instance:testcases.TC004_EditLead@136e911]" name="afterSuite" is-config="true" duration-ms="594" started-at="2018-06-17T05:13:02Z" finished-at="2018-06-17T05:13:02Z">
          <reporter-output>
          </reporter-output>
        </test-method> <!-- afterSuite -->
      </class> <!-- testcases.TC004_EditLead -->
    </test> <!-- Test -->
  </suite> <!-- Suite -->
</testng-results>
